{"/Users/ericcai/project/ewill-web/astro-app/api/assets/[imageId].ts": {"path":"/Users/ericcai/project/ewill-web/astro-app/api/assets/[imageId].ts","statementMap":{"0":{"start":{"line":14,"column":2},"end":{"line":18,"column":null}},"1":{"start":{"line":15,"column":4},"end":{"line":17,"column":null}},"2":{"start":{"line":21,"column":22},"end":{"line":21,"column":null}},"3":{"start":{"line":23,"column":2},"end":{"line":27,"column":null}},"4":{"start":{"line":24,"column":4},"end":{"line":26,"column":null}},"5":{"start":{"line":29,"column":2},"end":{"line":59,"column":null}},"6":{"start":{"line":31,"column":20},"end":{"line":34,"column":null}},"7":{"start":{"line":36,"column":4},"end":{"line":40,"column":null}},"8":{"start":{"line":37,"column":6},"end":{"line":39,"column":null}},"9":{"start":{"line":42,"column":23},"end":{"line":48,"column":null}},"10":{"start":{"line":51,"column":4},"end":{"line":51,"column":null}},"11":{"start":{"line":53,"column":4},"end":{"line":53,"column":null}},"12":{"start":{"line":55,"column":4},"end":{"line":55,"column":null}},"13":{"start":{"line":56,"column":4},"end":{"line":58,"column":null}}},"fnMap":{"0":{"name":"handler","decl":{"start":{"line":12,"column":30},"end":{"line":12,"column":38}},"loc":{"start":{"line":12,"column":79},"end":{"line":60,"column":null}},"line":12}},"branchMap":{"0":{"loc":{"start":{"line":14,"column":2},"end":{"line":18,"column":null}},"type":"if","locations":[{"start":{"line":14,"column":2},"end":{"line":18,"column":null}},{"start":{},"end":{}}],"line":14},"1":{"loc":{"start":{"line":23,"column":2},"end":{"line":27,"column":null}},"type":"if","locations":[{"start":{"line":23,"column":2},"end":{"line":27,"column":null}},{"start":{},"end":{}}],"line":23},"2":{"loc":{"start":{"line":23,"column":6},"end":{"line":23,"column":47}},"type":"binary-expr","locations":[{"start":{"line":23,"column":6},"end":{"line":23,"column":37}},{"start":{"line":23,"column":37},"end":{"line":23,"column":47}}],"line":23},"3":{"loc":{"start":{"line":36,"column":4},"end":{"line":40,"column":null}},"type":"if","locations":[{"start":{"line":36,"column":4},"end":{"line":40,"column":null}},{"start":{},"end":{}}],"line":36}},"s":{"0":0,"1":0,"2":0,"3":0,"4":0,"5":0,"6":0,"7":0,"8":0,"9":0,"10":0,"11":0,"12":0,"13":0},"f":{"0":0},"b":{"0":[0,0],"1":[0,0],"2":[0,0],"3":[0,0]},"meta":{"lastBranch":4,"lastFunction":1,"lastStatement":14,"seen":{"f:12:30:12:38":0,"b:14:2:18:Infinity:undefined:undefined:undefined:undefined":0,"s:14:2:18:Infinity":0,"s:15:4:17:Infinity":1,"s:21:22:21:Infinity":2,"b:23:2:27:Infinity:undefined:undefined:undefined:undefined":1,"s:23:2:27:Infinity":3,"b:23:6:23:37:23:37:23:47":2,"s:24:4:26:Infinity":4,"s:29:2:59:Infinity":5,"s:31:20:34:Infinity":6,"b:36:4:40:Infinity:undefined:undefined:undefined:undefined":3,"s:36:4:40:Infinity":7,"s:37:6:39:Infinity":8,"s:42:23:48:Infinity":9,"s:51:4:51:Infinity":10,"s:53:4:53:Infinity":11,"s:55:4:55:Infinity":12,"s:56:4:58:Infinity":13}}}
,"/Users/ericcai/project/ewill-web/astro-app/api/contact/submit.ts": {"path":"/Users/ericcai/project/ewill-web/astro-app/api/contact/submit.ts","statementMap":{"0":{"start":{"line":18,"column":20},"end":{"line":18,"column":null}},"1":{"start":{"line":19,"column":17},"end":{"line":19,"column":null}},"2":{"start":{"line":20,"column":2},"end":{"line":20,"column":null}},"3":{"start":{"line":25,"column":2},"end":{"line":29,"column":null}},"4":{"start":{"line":26,"column":4},"end":{"line":28,"column":null}},"5":{"start":{"line":32,"column":8},"end":{"line":32,"column":null}},"6":{"start":{"line":33,"column":2},"end":{"line":39,"column":null}},"7":{"start":{"line":34,"column":4},"end":{"line":38,"column":null}},"8":{"start":{"line":41,"column":15},"end":{"line":41,"column":null}},"9":{"start":{"line":44,"column":23},"end":{"line":44,"column":null}},"10":{"start":{"line":47,"column":24},"end":{"line":56,"column":null}},"11":{"start":{"line":58,"column":2},"end":{"line":82,"column":null}},"12":{"start":{"line":60,"column":4},"end":{"line":60,"column":null}},"13":{"start":{"line":63,"column":4},"end":{"line":68,"column":null}},"14":{"start":{"line":67,"column":6},"end":{"line":67,"column":null}},"15":{"start":{"line":70,"column":48},"end":{"line":74,"column":null}},"16":{"start":{"line":76,"column":4},"end":{"line":76,"column":null}},"17":{"start":{"line":78,"column":4},"end":{"line":78,"column":null}},"18":{"start":{"line":79,"column":4},"end":{"line":81,"column":null}},"19":{"start":{"line":90,"column":20},"end":{"line":90,"column":null}},"20":{"start":{"line":91,"column":2},"end":{"line":93,"column":null}},"21":{"start":{"line":92,"column":4},"end":{"line":92,"column":null}},"22":{"start":{"line":94,"column":2},"end":{"line":96,"column":null}},"23":{"start":{"line":95,"column":4},"end":{"line":95,"column":null}},"24":{"start":{"line":97,"column":2},"end":{"line":97,"column":null}}},"fnMap":{"0":{"name":"generateSubmissionId","decl":{"start":{"line":17,"column":9},"end":{"line":17,"column":40}},"loc":{"start":{"line":17,"column":40},"end":{"line":21,"column":null}},"line":17},"1":{"name":"handler","decl":{"start":{"line":23,"column":30},"end":{"line":23,"column":38}},"loc":{"start":{"line":23,"column":79},"end":{"line":83,"column":null}},"line":23},"2":{"name":"(anonymous_2)","decl":{"start":{"line":66,"column":13},"end":{"line":66,"column":14}},"loc":{"start":{"line":66,"column":22},"end":{"line":68,"column":5}},"line":66},"3":{"name":"getClientIp","decl":{"start":{"line":88,"column":9},"end":{"line":88,"column":21}},"loc":{"start":{"line":88,"column":56},"end":{"line":98,"column":null}},"line":88}},"branchMap":{"0":{"loc":{"start":{"line":25,"column":2},"end":{"line":29,"column":null}},"type":"if","locations":[{"start":{"line":25,"column":2},"end":{"line":29,"column":null}},{"start":{},"end":{}}],"line":25},"1":{"loc":{"start":{"line":33,"column":2},"end":{"line":39,"column":null}},"type":"if","locations":[{"start":{"line":33,"column":2},"end":{"line":39,"column":null}},{"start":{},"end":{}}],"line":33},"2":{"loc":{"start":{"line":51,"column":11},"end":{"line":51,"column":null}},"type":"cond-expr","locations":[{"start":{"line":51,"column":16},"end":{"line":51,"column":52}},{"start":{"line":51,"column":52},"end":{"line":51,"column":null}}],"line":51},"3":{"loc":{"start":{"line":52,"column":13},"end":{"line":52,"column":null}},"type":"cond-expr","locations":[{"start":{"line":52,"column":18},"end":{"line":52,"column":58}},{"start":{"line":52,"column":58},"end":{"line":52,"column":null}}],"line":52},"4":{"loc":{"start":{"line":54,"column":17},"end":{"line":54,"column":null}},"type":"binary-expr","locations":[{"start":{"line":54,"column":17},"end":{"line":54,"column":37}},{"start":{"line":54,"column":37},"end":{"line":54,"column":null}}],"line":54},"5":{"loc":{"start":{"line":91,"column":2},"end":{"line":93,"column":null}},"type":"if","locations":[{"start":{"line":91,"column":2},"end":{"line":93,"column":null}},{"start":{},"end":{}}],"line":91},"6":{"loc":{"start":{"line":94,"column":2},"end":{"line":96,"column":null}},"type":"if","locations":[{"start":{"line":94,"column":2},"end":{"line":96,"column":null}},{"start":{},"end":{}}],"line":94},"7":{"loc":{"start":{"line":94,"column":6},"end":{"line":94,"column":56}},"type":"binary-expr","locations":[{"start":{"line":94,"column":6},"end":{"line":94,"column":34}},{"start":{"line":94,"column":34},"end":{"line":94,"column":56}}],"line":94}},"s":{"0":0,"1":0,"2":0,"3":0,"4":0,"5":0,"6":0,"7":0,"8":0,"9":0,"10":0,"11":0,"12":0,"13":0,"14":0,"15":0,"16":0,"17":0,"18":0,"19":0,"20":0,"21":0,"22":0,"23":0,"24":0},"f":{"0":0,"1":0,"2":0,"3":0},"b":{"0":[0,0],"1":[0,0],"2":[0,0],"3":[0,0],"4":[0,0],"5":[0,0],"6":[0,0],"7":[0,0]},"meta":{"lastBranch":8,"lastFunction":4,"lastStatement":25,"seen":{"f:17:9:17:40":0,"s:18:20:18:Infinity":0,"s:19:17:19:Infinity":1,"s:20:2:20:Infinity":2,"f:23:30:23:38":1,"b:25:2:29:Infinity:undefined:undefined:undefined:undefined":0,"s:25:2:29:Infinity":3,"s:26:4:28:Infinity":4,"s:32:8:32:Infinity":5,"b:33:2:39:Infinity:undefined:undefined:undefined:undefined":1,"s:33:2:39:Infinity":6,"s:34:4:38:Infinity":7,"s:41:15:41:Infinity":8,"s:44:23:44:Infinity":9,"s:47:24:56:Infinity":10,"b:51:16:51:52:51:52:51:Infinity":2,"b:52:18:52:58:52:58:52:Infinity":3,"b:54:17:54:37:54:37:54:Infinity":4,"s:58:2:82:Infinity":11,"s:60:4:60:Infinity":12,"s:63:4:68:Infinity":13,"f:66:13:66:14":2,"s:67:6:67:Infinity":14,"s:70:48:74:Infinity":15,"s:76:4:76:Infinity":16,"s:78:4:78:Infinity":17,"s:79:4:81:Infinity":18,"f:88:9:88:21":3,"s:90:20:90:Infinity":19,"b:91:2:93:Infinity:undefined:undefined:undefined:undefined":5,"s:91:2:93:Infinity":20,"s:92:4:92:Infinity":21,"b:94:2:96:Infinity:undefined:undefined:undefined:undefined":6,"s:94:2:96:Infinity":22,"b:94:6:94:34:94:34:94:56":7,"s:95:4:95:Infinity":23,"s:97:2:97:Infinity":24}}}
,"/Users/ericcai/project/ewill-web/astro-app/api/events/[id].ts": {"path":"/Users/ericcai/project/ewill-web/astro-app/api/events/[id].ts","statementMap":{"0":{"start":{"line":15,"column":2},"end":{"line":19,"column":null}},"1":{"start":{"line":16,"column":4},"end":{"line":18,"column":null}},"2":{"start":{"line":21,"column":17},"end":{"line":21,"column":null}},"3":{"start":{"line":23,"column":2},"end":{"line":27,"column":null}},"4":{"start":{"line":24,"column":4},"end":{"line":26,"column":null}},"5":{"start":{"line":29,"column":2},"end":{"line":72,"column":null}},"6":{"start":{"line":31,"column":20},"end":{"line":35,"column":null}},"7":{"start":{"line":37,"column":4},"end":{"line":41,"column":null}},"8":{"start":{"line":38,"column":6},"end":{"line":40,"column":null}},"9":{"start":{"line":44,"column":34},"end":{"line":61,"column":null}},"10":{"start":{"line":64,"column":4},"end":{"line":64,"column":null}},"11":{"start":{"line":66,"column":4},"end":{"line":66,"column":null}},"12":{"start":{"line":68,"column":4},"end":{"line":68,"column":null}},"13":{"start":{"line":69,"column":4},"end":{"line":71,"column":null}}},"fnMap":{"0":{"name":"handler","decl":{"start":{"line":13,"column":30},"end":{"line":13,"column":38}},"loc":{"start":{"line":13,"column":79},"end":{"line":73,"column":null}},"line":13}},"branchMap":{"0":{"loc":{"start":{"line":15,"column":2},"end":{"line":19,"column":null}},"type":"if","locations":[{"start":{"line":15,"column":2},"end":{"line":19,"column":null}},{"start":{},"end":{}}],"line":15},"1":{"loc":{"start":{"line":23,"column":2},"end":{"line":27,"column":null}},"type":"if","locations":[{"start":{"line":23,"column":2},"end":{"line":27,"column":null}},{"start":{},"end":{}}],"line":23},"2":{"loc":{"start":{"line":23,"column":6},"end":{"line":23,"column":37}},"type":"binary-expr","locations":[{"start":{"line":23,"column":6},"end":{"line":23,"column":13}},{"start":{"line":23,"column":13},"end":{"line":23,"column":37}}],"line":23},"3":{"loc":{"start":{"line":37,"column":4},"end":{"line":41,"column":null}},"type":"if","locations":[{"start":{"line":37,"column":4},"end":{"line":41,"column":null}},{"start":{},"end":{}}],"line":37},"4":{"loc":{"start":{"line":53,"column":21},"end":{"line":53,"column":null}},"type":"binary-expr","locations":[{"start":{"line":53,"column":21},"end":{"line":53,"column":44}},{"start":{"line":53,"column":44},"end":{"line":53,"column":null}}],"line":53},"5":{"loc":{"start":{"line":56,"column":16},"end":{"line":56,"column":null}},"type":"binary-expr","locations":[{"start":{"line":56,"column":16},"end":{"line":56,"column":53}},{"start":{"line":56,"column":53},"end":{"line":56,"column":null}}],"line":56},"6":{"loc":{"start":{"line":58,"column":12},"end":{"line":58,"column":null}},"type":"binary-expr","locations":[{"start":{"line":58,"column":12},"end":{"line":58,"column":37}},{"start":{"line":58,"column":37},"end":{"line":58,"column":null}}],"line":58},"7":{"loc":{"start":{"line":59,"column":18},"end":{"line":59,"column":null}},"type":"binary-expr","locations":[{"start":{"line":59,"column":18},"end":{"line":59,"column":53}},{"start":{"line":59,"column":48},"end":{"line":59,"column":null}}],"line":59},"8":{"loc":{"start":{"line":60,"column":18},"end":{"line":60,"column":null}},"type":"binary-expr","locations":[{"start":{"line":60,"column":18},"end":{"line":60,"column":53}},{"start":{"line":60,"column":48},"end":{"line":60,"column":null}}],"line":60}},"s":{"0":0,"1":0,"2":0,"3":0,"4":0,"5":0,"6":0,"7":0,"8":0,"9":0,"10":0,"11":0,"12":0,"13":0},"f":{"0":0},"b":{"0":[0,0],"1":[0,0],"2":[0,0],"3":[0,0],"4":[0,0],"5":[0,0],"6":[0,0],"7":[0,0],"8":[0,0]},"meta":{"lastBranch":9,"lastFunction":1,"lastStatement":14,"seen":{"f:13:30:13:38":0,"b:15:2:19:Infinity:undefined:undefined:undefined:undefined":0,"s:15:2:19:Infinity":0,"s:16:4:18:Infinity":1,"s:21:17:21:Infinity":2,"b:23:2:27:Infinity:undefined:undefined:undefined:undefined":1,"s:23:2:27:Infinity":3,"b:23:6:23:13:23:13:23:37":2,"s:24:4:26:Infinity":4,"s:29:2:72:Infinity":5,"s:31:20:35:Infinity":6,"b:37:4:41:Infinity:undefined:undefined:undefined:undefined":3,"s:37:4:41:Infinity":7,"s:38:6:40:Infinity":8,"s:44:34:61:Infinity":9,"b:53:21:53:44:53:44:53:Infinity":4,"b:56:16:56:53:56:53:56:Infinity":5,"b:58:12:58:37:58:37:58:Infinity":6,"b:59:18:59:53:59:48:59:Infinity":7,"b:60:18:60:53:60:48:60:Infinity":8,"s:64:4:64:Infinity":10,"s:66:4:66:Infinity":11,"s:68:4:68:Infinity":12,"s:69:4:71:Infinity":13}}}
,"/Users/ericcai/project/ewill-web/astro-app/api/events/index.ts": {"path":"/Users/ericcai/project/ewill-web/astro-app/api/events/index.ts","statementMap":{"0":{"start":{"line":21,"column":36},"end":{"line":21,"column":null}},"1":{"start":{"line":22,"column":40},"end":{"line":22,"column":null}},"2":{"start":{"line":23,"column":22},"end":{"line":23,"column":null}},"3":{"start":{"line":24,"column":25},"end":{"line":24,"column":null}},"4":{"start":{"line":28,"column":2},"end":{"line":32,"column":null}},"5":{"start":{"line":29,"column":4},"end":{"line":31,"column":null}},"6":{"start":{"line":34,"column":2},"end":{"line":125,"column":null}},"7":{"start":{"line":43,"column":8},"end":{"line":43,"column":null}},"8":{"start":{"line":46,"column":17},"end":{"line":46,"column":null}},"9":{"start":{"line":47,"column":21},"end":{"line":47,"column":null}},"10":{"start":{"line":48,"column":10},"end":{"line":48,"column":null}},"11":{"start":{"line":51,"column":23},"end":{"line":51,"column":null}},"12":{"start":{"line":53,"column":4},"end":{"line":55,"column":null}},"13":{"start":{"line":54,"column":6},"end":{"line":54,"column":null}},"14":{"start":{"line":57,"column":4},"end":{"line":59,"column":null}},"15":{"start":{"line":58,"column":6},"end":{"line":58,"column":null}},"16":{"start":{"line":62,"column":24},"end":{"line":64,"column":null}},"17":{"start":{"line":65,"column":27},"end":{"line":67,"column":null}},"18":{"start":{"line":70,"column":23},"end":{"line":70,"column":null}},"19":{"start":{"line":71,"column":20},"end":{"line":71,"column":null}},"20":{"start":{"line":74,"column":24},"end":{"line":74,"column":null}},"21":{"start":{"line":76,"column":33},"end":{"line":96,"column":null}},"22":{"start":{"line":98,"column":18},"end":{"line":98,"column":null}},"23":{"start":{"line":100,"column":40},"end":{"line":114,"column":null}},"24":{"start":{"line":101,"column":34},"end":{"line":109,"column":8}},"25":{"start":{"line":117,"column":4},"end":{"line":117,"column":null}},"26":{"start":{"line":119,"column":4},"end":{"line":119,"column":null}},"27":{"start":{"line":121,"column":4},"end":{"line":121,"column":null}},"28":{"start":{"line":122,"column":4},"end":{"line":124,"column":null}}},"fnMap":{"0":{"name":"handler","decl":{"start":{"line":26,"column":30},"end":{"line":26,"column":38}},"loc":{"start":{"line":26,"column":79},"end":{"line":126,"column":null}},"line":26},"1":{"name":"(anonymous_1)","decl":{"start":{"line":101,"column":23},"end":{"line":101,"column":24}},"loc":{"start":{"line":101,"column":34},"end":{"line":109,"column":8}},"line":101}},"branchMap":{"0":{"loc":{"start":{"line":28,"column":2},"end":{"line":32,"column":null}},"type":"if","locations":[{"start":{"line":28,"column":2},"end":{"line":32,"column":null}},{"start":{},"end":{}}],"line":28},"1":{"loc":{"start":{"line":41,"column":15},"end":{"line":41,"column":null}},"type":"default-arg","locations":[{"start":{"line":41,"column":24},"end":{"line":41,"column":null}}],"line":41},"2":{"loc":{"start":{"line":42,"column":18},"end":{"line":42,"column":null}},"type":"default-arg","locations":[{"start":{"line":42,"column":30},"end":{"line":42,"column":null}}],"line":42},"3":{"loc":{"start":{"line":46,"column":29},"end":{"line":46,"column":67}},"type":"binary-expr","locations":[{"start":{"line":46,"column":29},"end":{"line":46,"column":66}},{"start":{"line":46,"column":66},"end":{"line":46,"column":67}}],"line":46},"4":{"loc":{"start":{"line":47,"column":46},"end":{"line":47,"column":89}},"type":"binary-expr","locations":[{"start":{"line":47,"column":46},"end":{"line":47,"column":87}},{"start":{"line":47,"column":87},"end":{"line":47,"column":89}}],"line":47},"5":{"loc":{"start":{"line":53,"column":4},"end":{"line":55,"column":null}},"type":"if","locations":[{"start":{"line":53,"column":4},"end":{"line":55,"column":null}},{"start":{},"end":{}}],"line":53},"6":{"loc":{"start":{"line":53,"column":8},"end":{"line":53,"column":64}},"type":"binary-expr","locations":[{"start":{"line":53,"column":8},"end":{"line":53,"column":18}},{"start":{"line":53,"column":18},"end":{"line":53,"column":64}}],"line":53},"7":{"loc":{"start":{"line":57,"column":4},"end":{"line":59,"column":null}},"type":"if","locations":[{"start":{"line":57,"column":4},"end":{"line":59,"column":null}},{"start":{},"end":{}}],"line":57},"8":{"loc":{"start":{"line":57,"column":8},"end":{"line":57,"column":72}},"type":"binary-expr","locations":[{"start":{"line":57,"column":8},"end":{"line":57,"column":20}},{"start":{"line":57,"column":20},"end":{"line":57,"column":72}}],"line":57},"9":{"loc":{"start":{"line":62,"column":24},"end":{"line":64,"column":null}},"type":"cond-expr","locations":[{"start":{"line":63,"column":9},"end":{"line":63,"column":null}},{"start":{"line":64,"column":8},"end":{"line":64,"column":null}}],"line":62},"10":{"loc":{"start":{"line":65,"column":27},"end":{"line":67,"column":null}},"type":"cond-expr","locations":[{"start":{"line":66,"column":9},"end":{"line":66,"column":null}},{"start":{"line":67,"column":8},"end":{"line":67,"column":null}}],"line":65},"11":{"loc":{"start":{"line":70,"column":23},"end":{"line":70,"column":null}},"type":"cond-expr","locations":[{"start":{"line":70,"column":54},"end":{"line":70,"column":74}},{"start":{"line":70,"column":74},"end":{"line":70,"column":null}}],"line":70},"12":{"loc":{"start":{"line":71,"column":20},"end":{"line":71,"column":null}},"type":"cond-expr","locations":[{"start":{"line":71,"column":48},"end":{"line":71,"column":55}},{"start":{"line":71,"column":55},"end":{"line":71,"column":null}}],"line":71},"13":{"loc":{"start":{"line":74,"column":24},"end":{"line":74,"column":null}},"type":"cond-expr","locations":[{"start":{"line":74,"column":44},"end":{"line":74,"column":69}},{"start":{"line":74,"column":69},"end":{"line":74,"column":null}}],"line":74},"14":{"loc":{"start":{"line":98,"column":25},"end":{"line":98,"column":51}},"type":"binary-expr","locations":[{"start":{"line":98,"column":25},"end":{"line":98,"column":50}},{"start":{"line":98,"column":50},"end":{"line":98,"column":51}}],"line":98}},"s":{"0":0,"1":0,"2":0,"3":0,"4":0,"5":0,"6":0,"7":0,"8":0,"9":0,"10":0,"11":0,"12":0,"13":0,"14":0,"15":0,"16":0,"17":0,"18":0,"19":0,"20":0,"21":0,"22":0,"23":0,"24":0,"25":0,"26":0,"27":0,"28":0},"f":{"0":0,"1":0},"b":{"0":[0,0],"1":[0],"2":[0],"3":[0,0],"4":[0,0],"5":[0,0],"6":[0,0],"7":[0,0],"8":[0,0],"9":[0,0],"10":[0,0],"11":[0,0],"12":[0,0],"13":[0,0],"14":[0,0]},"meta":{"lastBranch":15,"lastFunction":2,"lastStatement":29,"seen":{"s:21:36:21:Infinity":0,"s:22:40:22:Infinity":1,"s:23:22:23:Infinity":2,"s:24:25:24:Infinity":3,"f:26:30:26:38":0,"b:28:2:32:Infinity:undefined:undefined:undefined:undefined":0,"s:28:2:32:Infinity":4,"s:29:4:31:Infinity":5,"s:34:2:125:Infinity":6,"s:43:8:43:Infinity":7,"b:41:24:41:Infinity":1,"b:42:30:42:Infinity":2,"s:46:17:46:Infinity":8,"b:46:29:46:66:46:66:46:67":3,"s:47:21:47:Infinity":9,"b:47:46:47:87:47:87:47:89":4,"s:48:10:48:Infinity":10,"s:51:23:51:Infinity":11,"b:53:4:55:Infinity:undefined:undefined:undefined:undefined":5,"s:53:4:55:Infinity":12,"b:53:8:53:18:53:18:53:64":6,"s:54:6:54:Infinity":13,"b:57:4:59:Infinity:undefined:undefined:undefined:undefined":7,"s:57:4:59:Infinity":14,"b:57:8:57:20:57:20:57:72":8,"s:58:6:58:Infinity":15,"s:62:24:64:Infinity":16,"b:63:9:63:Infinity:64:8:64:Infinity":9,"s:65:27:67:Infinity":17,"b:66:9:66:Infinity:67:8:67:Infinity":10,"s:70:23:70:Infinity":18,"b:70:54:70:74:70:74:70:Infinity":11,"s:71:20:71:Infinity":19,"b:71:48:71:55:71:55:71:Infinity":12,"s:74:24:74:Infinity":20,"b:74:44:74:69:74:69:74:Infinity":13,"s:76:33:96:Infinity":21,"s:98:18:98:Infinity":22,"b:98:25:98:50:98:50:98:51":14,"s:100:40:114:Infinity":23,"f:101:23:101:24":1,"s:101:34:109:8":24,"s:117:4:117:Infinity":25,"s:119:4:119:Infinity":26,"s:121:4:121:Infinity":27,"s:122:4:124:Infinity":28}}}
,"/Users/ericcai/project/ewill-web/astro-app/api/manifests/assets.ts": {"path":"/Users/ericcai/project/ewill-web/astro-app/api/manifests/assets.ts","statementMap":{"0":{"start":{"line":13,"column":2},"end":{"line":17,"column":null}},"1":{"start":{"line":14,"column":4},"end":{"line":16,"column":null}},"2":{"start":{"line":19,"column":2},"end":{"line":46,"column":null}},"3":{"start":{"line":21,"column":22},"end":{"line":23,"column":null}},"4":{"start":{"line":25,"column":21},"end":{"line":35,"column":null}},"5":{"start":{"line":28,"column":40},"end":{"line":34,"column":8}},"6":{"start":{"line":38,"column":4},"end":{"line":38,"column":null}},"7":{"start":{"line":40,"column":4},"end":{"line":40,"column":null}},"8":{"start":{"line":42,"column":4},"end":{"line":42,"column":null}},"9":{"start":{"line":43,"column":4},"end":{"line":45,"column":null}}},"fnMap":{"0":{"name":"handler","decl":{"start":{"line":11,"column":30},"end":{"line":11,"column":38}},"loc":{"start":{"line":11,"column":79},"end":{"line":47,"column":null}},"line":11},"1":{"name":"(anonymous_1)","decl":{"start":{"line":28,"column":28},"end":{"line":28,"column":29}},"loc":{"start":{"line":28,"column":40},"end":{"line":34,"column":8}},"line":28}},"branchMap":{"0":{"loc":{"start":{"line":13,"column":2},"end":{"line":17,"column":null}},"type":"if","locations":[{"start":{"line":13,"column":2},"end":{"line":17,"column":null}},{"start":{},"end":{}}],"line":13}},"s":{"0":0,"1":0,"2":0,"3":0,"4":0,"5":0,"6":0,"7":0,"8":0,"9":0},"f":{"0":0,"1":0},"b":{"0":[0,0]},"meta":{"lastBranch":1,"lastFunction":2,"lastStatement":10,"seen":{"f:11:30:11:38":0,"b:13:2:17:Infinity:undefined:undefined:undefined:undefined":0,"s:13:2:17:Infinity":0,"s:14:4:16:Infinity":1,"s:19:2:46:Infinity":2,"s:21:22:23:Infinity":3,"s:25:21:35:Infinity":4,"f:28:28:28:29":1,"s:28:40:34:8":5,"s:38:4:38:Infinity":6,"s:40:4:40:Infinity":7,"s:42:4:42:Infinity":8,"s:43:4:45:Infinity":9}}}
,"/Users/ericcai/project/ewill-web/astro-app/api/manifests/content.ts": {"path":"/Users/ericcai/project/ewill-web/astro-app/api/manifests/content.ts","statementMap":{"0":{"start":{"line":14,"column":2},"end":{"line":18,"column":null}},"1":{"start":{"line":15,"column":4},"end":{"line":17,"column":null}},"2":{"start":{"line":20,"column":2},"end":{"line":54,"column":null}},"3":{"start":{"line":22,"column":21},"end":{"line":29,"column":null}},"4":{"start":{"line":32,"column":23},"end":{"line":34,"column":null}},"5":{"start":{"line":33,"column":6},"end":{"line":33,"column":null}},"6":{"start":{"line":36,"column":21},"end":{"line":43,"column":null}},"7":{"start":{"line":38,"column":37},"end":{"line":42,"column":8}},"8":{"start":{"line":46,"column":4},"end":{"line":46,"column":null}},"9":{"start":{"line":48,"column":4},"end":{"line":48,"column":null}},"10":{"start":{"line":50,"column":4},"end":{"line":50,"column":null}},"11":{"start":{"line":51,"column":4},"end":{"line":53,"column":null}}},"fnMap":{"0":{"name":"handler","decl":{"start":{"line":12,"column":30},"end":{"line":12,"column":38}},"loc":{"start":{"line":12,"column":79},"end":{"line":55,"column":null}},"line":12},"1":{"name":"(anonymous_1)","decl":{"start":{"line":32,"column":39},"end":{"line":32,"column":40}},"loc":{"start":{"line":32,"column":57},"end":{"line":34,"column":7}},"line":32},"2":{"name":"(anonymous_2)","decl":{"start":{"line":38,"column":26},"end":{"line":38,"column":27}},"loc":{"start":{"line":38,"column":37},"end":{"line":42,"column":8}},"line":38}},"branchMap":{"0":{"loc":{"start":{"line":14,"column":2},"end":{"line":18,"column":null}},"type":"if","locations":[{"start":{"line":14,"column":2},"end":{"line":18,"column":null}},{"start":{},"end":{}}],"line":14},"1":{"loc":{"start":{"line":33,"column":13},"end":{"line":33,"column":null}},"type":"cond-expr","locations":[{"start":{"line":33,"column":42},"end":{"line":33,"column":62}},{"start":{"line":33,"column":62},"end":{"line":33,"column":null}}],"line":33}},"s":{"0":0,"1":0,"2":0,"3":0,"4":0,"5":0,"6":0,"7":0,"8":0,"9":0,"10":0,"11":0},"f":{"0":0,"1":0,"2":0},"b":{"0":[0,0],"1":[0,0]},"meta":{"lastBranch":2,"lastFunction":3,"lastStatement":12,"seen":{"f:12:30:12:38":0,"b:14:2:18:Infinity:undefined:undefined:undefined:undefined":0,"s:14:2:18:Infinity":0,"s:15:4:17:Infinity":1,"s:20:2:54:Infinity":2,"s:22:21:29:Infinity":3,"s:32:23:34:Infinity":4,"f:32:39:32:40":1,"s:33:6:33:Infinity":5,"b:33:42:33:62:33:62:33:Infinity":1,"s:36:21:43:Infinity":6,"f:38:26:38:27":2,"s:38:37:42:8":7,"s:46:4:46:Infinity":8,"s:48:4:48:Infinity":9,"s:50:4:50:Infinity":10,"s:51:4:53:Infinity":11}}}
,"/Users/ericcai/project/ewill-web/astro-app/api/pages/[slug].ts": {"path":"/Users/ericcai/project/ewill-web/astro-app/api/pages/[slug].ts","statementMap":{"0":{"start":{"line":15,"column":2},"end":{"line":19,"column":null}},"1":{"start":{"line":16,"column":4},"end":{"line":18,"column":null}},"2":{"start":{"line":22,"column":19},"end":{"line":22,"column":null}},"3":{"start":{"line":24,"column":2},"end":{"line":28,"column":null}},"4":{"start":{"line":25,"column":4},"end":{"line":27,"column":null}},"5":{"start":{"line":30,"column":8},"end":{"line":30,"column":null}},"6":{"start":{"line":31,"column":2},"end":{"line":37,"column":null}},"7":{"start":{"line":32,"column":4},"end":{"line":36,"column":null}},"8":{"start":{"line":39,"column":2},"end":{"line":74,"column":null}},"9":{"start":{"line":41,"column":19},"end":{"line":44,"column":null}},"10":{"start":{"line":46,"column":4},"end":{"line":50,"column":null}},"11":{"start":{"line":47,"column":6},"end":{"line":49,"column":null}},"12":{"start":{"line":53,"column":24},"end":{"line":63,"column":null}},"13":{"start":{"line":66,"column":4},"end":{"line":66,"column":null}},"14":{"start":{"line":68,"column":4},"end":{"line":68,"column":null}},"15":{"start":{"line":70,"column":4},"end":{"line":70,"column":null}},"16":{"start":{"line":71,"column":4},"end":{"line":73,"column":null}}},"fnMap":{"0":{"name":"handler","decl":{"start":{"line":13,"column":30},"end":{"line":13,"column":38}},"loc":{"start":{"line":13,"column":79},"end":{"line":75,"column":null}},"line":13}},"branchMap":{"0":{"loc":{"start":{"line":15,"column":2},"end":{"line":19,"column":null}},"type":"if","locations":[{"start":{"line":15,"column":2},"end":{"line":19,"column":null}},{"start":{},"end":{}}],"line":15},"1":{"loc":{"start":{"line":24,"column":2},"end":{"line":28,"column":null}},"type":"if","locations":[{"start":{"line":24,"column":2},"end":{"line":28,"column":null}},{"start":{},"end":{}}],"line":24},"2":{"loc":{"start":{"line":31,"column":2},"end":{"line":37,"column":null}},"type":"if","locations":[{"start":{"line":31,"column":2},"end":{"line":37,"column":null}},{"start":{},"end":{}}],"line":31},"3":{"loc":{"start":{"line":46,"column":4},"end":{"line":50,"column":null}},"type":"if","locations":[{"start":{"line":46,"column":4},"end":{"line":50,"column":null}},{"start":{},"end":{}}],"line":46}},"s":{"0":0,"1":0,"2":0,"3":0,"4":0,"5":0,"6":0,"7":0,"8":0,"9":0,"10":0,"11":0,"12":0,"13":0,"14":0,"15":0,"16":0},"f":{"0":0},"b":{"0":[0,0],"1":[0,0],"2":[0,0],"3":[0,0]},"meta":{"lastBranch":4,"lastFunction":1,"lastStatement":17,"seen":{"f:13:30:13:38":0,"b:15:2:19:Infinity:undefined:undefined:undefined:undefined":0,"s:15:2:19:Infinity":0,"s:16:4:18:Infinity":1,"s:22:19:22:Infinity":2,"b:24:2:28:Infinity:undefined:undefined:undefined:undefined":1,"s:24:2:28:Infinity":3,"s:25:4:27:Infinity":4,"s:30:8:30:Infinity":5,"b:31:2:37:Infinity:undefined:undefined:undefined:undefined":2,"s:31:2:37:Infinity":6,"s:32:4:36:Infinity":7,"s:39:2:74:Infinity":8,"s:41:19:44:Infinity":9,"b:46:4:50:Infinity:undefined:undefined:undefined:undefined":3,"s:46:4:50:Infinity":10,"s:47:6:49:Infinity":11,"s:53:24:63:Infinity":12,"s:66:4:66:Infinity":13,"s:68:4:68:Infinity":14,"s:70:4:70:Infinity":15,"s:71:4:73:Infinity":16}}}
,"/Users/ericcai/project/ewill-web/astro-app/api/pages/index.ts": {"path":"/Users/ericcai/project/ewill-web/astro-app/api/pages/index.ts","statementMap":{"0":{"start":{"line":14,"column":2},"end":{"line":18,"column":null}},"1":{"start":{"line":15,"column":4},"end":{"line":17,"column":null}},"2":{"start":{"line":20,"column":2},"end":{"line":38,"column":null}},"3":{"start":{"line":22,"column":21},"end":{"line":25,"column":null}},"4":{"start":{"line":27,"column":18},"end":{"line":27,"column":null}},"5":{"start":{"line":27,"column":38},"end":{"line":27,"column":44}},"6":{"start":{"line":30,"column":4},"end":{"line":30,"column":null}},"7":{"start":{"line":32,"column":4},"end":{"line":32,"column":null}},"8":{"start":{"line":34,"column":4},"end":{"line":34,"column":null}},"9":{"start":{"line":35,"column":4},"end":{"line":37,"column":null}}},"fnMap":{"0":{"name":"handler","decl":{"start":{"line":12,"column":30},"end":{"line":12,"column":38}},"loc":{"start":{"line":12,"column":79},"end":{"line":39,"column":null}},"line":12},"1":{"name":"(anonymous_1)","decl":{"start":{"line":27,"column":31},"end":{"line":27,"column":32}},"loc":{"start":{"line":27,"column":38},"end":{"line":27,"column":44}},"line":27}},"branchMap":{"0":{"loc":{"start":{"line":14,"column":2},"end":{"line":18,"column":null}},"type":"if","locations":[{"start":{"line":14,"column":2},"end":{"line":18,"column":null}},{"start":{},"end":{}}],"line":14}},"s":{"0":0,"1":0,"2":0,"3":0,"4":0,"5":0,"6":0,"7":0,"8":0,"9":0},"f":{"0":0,"1":0},"b":{"0":[0,0]},"meta":{"lastBranch":1,"lastFunction":2,"lastStatement":10,"seen":{"f:12:30:12:38":0,"b:14:2:18:Infinity:undefined:undefined:undefined:undefined":0,"s:14:2:18:Infinity":0,"s:15:4:17:Infinity":1,"s:20:2:38:Infinity":2,"s:22:21:25:Infinity":3,"s:27:18:27:Infinity":4,"f:27:31:27:32":1,"s:27:38:27:44":5,"s:30:4:30:Infinity":6,"s:32:4:32:Infinity":7,"s:34:4:34:Infinity":8,"s:35:4:37:Infinity":9}}}
,"/Users/ericcai/project/ewill-web/astro-app/api/pages/type/[type].ts": {"path":"/Users/ericcai/project/ewill-web/astro-app/api/pages/type/[type].ts","statementMap":{"0":{"start":{"line":14,"column":48},"end":{"line":25,"column":null}},"1":{"start":{"line":29,"column":2},"end":{"line":33,"column":null}},"2":{"start":{"line":30,"column":4},"end":{"line":32,"column":null}},"3":{"start":{"line":36,"column":19},"end":{"line":36,"column":null}},"4":{"start":{"line":38,"column":2},"end":{"line":42,"column":null}},"5":{"start":{"line":39,"column":4},"end":{"line":41,"column":null}},"6":{"start":{"line":44,"column":8},"end":{"line":44,"column":null}},"7":{"start":{"line":45,"column":2},"end":{"line":51,"column":null}},"8":{"start":{"line":46,"column":4},"end":{"line":50,"column":null}},"9":{"start":{"line":53,"column":2},"end":{"line":106,"column":null}},"10":{"start":{"line":54,"column":26},"end":{"line":54,"column":null}},"11":{"start":{"line":56,"column":4},"end":{"line":95,"column":null}},"12":{"start":{"line":58,"column":21},"end":{"line":61,"column":null}},"13":{"start":{"line":62,"column":6},"end":{"line":62,"column":null}},"14":{"start":{"line":62,"column":32},"end":{"line":62,"column":38}},"15":{"start":{"line":63,"column":4},"end":{"line":95,"column":null}},"16":{"start":{"line":65,"column":29},"end":{"line":69,"column":null}},"17":{"start":{"line":71,"column":21},"end":{"line":79,"column":null}},"18":{"start":{"line":82,"column":6},"end":{"line":84,"column":null}},"19":{"start":{"line":83,"column":20},"end":{"line":83,"column":26}},"20":{"start":{"line":84,"column":26},"end":{"line":84,"column":52}},"21":{"start":{"line":87,"column":26},"end":{"line":87,"column":null}},"22":{"start":{"line":88,"column":6},"end":{"line":94,"column":null}},"23":{"start":{"line":89,"column":23},"end":{"line":92,"column":null}},"24":{"start":{"line":93,"column":8},"end":{"line":93,"column":null}},"25":{"start":{"line":93,"column":34},"end":{"line":93,"column":40}},"26":{"start":{"line":98,"column":4},"end":{"line":98,"column":null}},"27":{"start":{"line":100,"column":4},"end":{"line":100,"column":null}},"28":{"start":{"line":102,"column":4},"end":{"line":102,"column":null}},"29":{"start":{"line":103,"column":4},"end":{"line":105,"column":null}}},"fnMap":{"0":{"name":"handler","decl":{"start":{"line":27,"column":30},"end":{"line":27,"column":38}},"loc":{"start":{"line":27,"column":79},"end":{"line":107,"column":null}},"line":27},"1":{"name":"(anonymous_1)","decl":{"start":{"line":62,"column":25},"end":{"line":62,"column":26}},"loc":{"start":{"line":62,"column":32},"end":{"line":62,"column":38}},"line":62},"2":{"name":"(anonymous_2)","decl":{"start":{"line":83,"column":13},"end":{"line":83,"column":14}},"loc":{"start":{"line":83,"column":20},"end":{"line":83,"column":26}},"line":83},"3":{"name":"(anonymous_3)","decl":{"start":{"line":84,"column":16},"end":{"line":84,"column":17}},"loc":{"start":{"line":84,"column":26},"end":{"line":84,"column":52}},"line":84},"4":{"name":"(anonymous_4)","decl":{"start":{"line":93,"column":27},"end":{"line":93,"column":28}},"loc":{"start":{"line":93,"column":34},"end":{"line":93,"column":40}},"line":93}},"branchMap":{"0":{"loc":{"start":{"line":29,"column":2},"end":{"line":33,"column":null}},"type":"if","locations":[{"start":{"line":29,"column":2},"end":{"line":33,"column":null}},{"start":{},"end":{}}],"line":29},"1":{"loc":{"start":{"line":38,"column":2},"end":{"line":42,"column":null}},"type":"if","locations":[{"start":{"line":38,"column":2},"end":{"line":42,"column":null}},{"start":{},"end":{}}],"line":38},"2":{"loc":{"start":{"line":45,"column":2},"end":{"line":51,"column":null}},"type":"if","locations":[{"start":{"line":45,"column":2},"end":{"line":51,"column":null}},{"start":{},"end":{}}],"line":45},"3":{"loc":{"start":{"line":56,"column":4},"end":{"line":95,"column":null}},"type":"if","locations":[{"start":{"line":56,"column":4},"end":{"line":95,"column":null}},{"start":{"line":63,"column":4},"end":{"line":95,"column":null}}],"line":56},"4":{"loc":{"start":{"line":63,"column":4},"end":{"line":95,"column":null}},"type":"if","locations":[{"start":{"line":63,"column":4},"end":{"line":95,"column":null}},{"start":{"line":85,"column":11},"end":{"line":95,"column":null}}],"line":63},"5":{"loc":{"start":{"line":87,"column":26},"end":{"line":87,"column":null}},"type":"binary-expr","locations":[{"start":{"line":87,"column":26},"end":{"line":87,"column":49}},{"start":{"line":87,"column":49},"end":{"line":87,"column":null}}],"line":87},"6":{"loc":{"start":{"line":88,"column":6},"end":{"line":94,"column":null}},"type":"if","locations":[{"start":{"line":88,"column":6},"end":{"line":94,"column":null}},{"start":{},"end":{}}],"line":88}},"s":{"0":0,"1":0,"2":0,"3":0,"4":0,"5":0,"6":0,"7":0,"8":0,"9":0,"10":0,"11":0,"12":0,"13":0,"14":0,"15":0,"16":0,"17":0,"18":0,"19":0,"20":0,"21":0,"22":0,"23":0,"24":0,"25":0,"26":0,"27":0,"28":0,"29":0},"f":{"0":0,"1":0,"2":0,"3":0,"4":0},"b":{"0":[0,0],"1":[0,0],"2":[0,0],"3":[0,0],"4":[0,0],"5":[0,0],"6":[0,0]},"meta":{"lastBranch":7,"lastFunction":5,"lastStatement":30,"seen":{"s:14:48:25:Infinity":0,"f:27:30:27:38":0,"b:29:2:33:Infinity:undefined:undefined:undefined:undefined":0,"s:29:2:33:Infinity":1,"s:30:4:32:Infinity":2,"s:36:19:36:Infinity":3,"b:38:2:42:Infinity:undefined:undefined:undefined:undefined":1,"s:38:2:42:Infinity":4,"s:39:4:41:Infinity":5,"s:44:8:44:Infinity":6,"b:45:2:51:Infinity:undefined:undefined:undefined:undefined":2,"s:45:2:51:Infinity":7,"s:46:4:50:Infinity":8,"s:53:2:106:Infinity":9,"s:54:26:54:Infinity":10,"b:56:4:95:Infinity:63:4:95:Infinity":3,"s:56:4:95:Infinity":11,"s:58:21:61:Infinity":12,"s:62:6:62:Infinity":13,"f:62:25:62:26":1,"s:62:32:62:38":14,"b:63:4:95:Infinity:85:11:95:Infinity":4,"s:63:4:95:Infinity":15,"s:65:29:69:Infinity":16,"s:71:21:79:Infinity":17,"s:82:6:84:Infinity":18,"f:83:13:83:14":2,"s:83:20:83:26":19,"f:84:16:84:17":3,"s:84:26:84:52":20,"s:87:26:87:Infinity":21,"b:87:26:87:49:87:49:87:Infinity":5,"b:88:6:94:Infinity:undefined:undefined:undefined:undefined":6,"s:88:6:94:Infinity":22,"s:89:23:92:Infinity":23,"s:93:8:93:Infinity":24,"f:93:27:93:28":4,"s:93:34:93:40":25,"s:98:4:98:Infinity":26,"s:100:4:100:Infinity":27,"s:102:4:102:Infinity":28,"s:103:4:105:Infinity":29}}}
,"/Users/ericcai/project/ewill-web/astro-app/lib/db/client.ts": {"path":"/Users/ericcai/project/ewill-web/astro-app/lib/db/client.ts","statementMap":{"0":{"start":{"line":12,"column":0},"end":{"line":14,"column":null}},"1":{"start":{"line":13,"column":2},"end":{"line":13,"column":null}},"2":{"start":{"line":17,"column":6},"end":{"line":17,"column":null}},"3":{"start":{"line":20,"column":13},"end":{"line":20,"column":null}}},"fnMap":{},"branchMap":{"0":{"loc":{"start":{"line":12,"column":0},"end":{"line":14,"column":null}},"type":"if","locations":[{"start":{"line":12,"column":0},"end":{"line":14,"column":null}},{"start":{},"end":{}}],"line":12},"1":{"loc":{"start":{"line":17,"column":17},"end":{"line":17,"column":47}},"type":"binary-expr","locations":[{"start":{"line":17,"column":17},"end":{"line":17,"column":45}},{"start":{"line":17,"column":45},"end":{"line":17,"column":47}}],"line":17}},"s":{"0":0,"1":0,"2":0,"3":0},"f":{},"b":{"0":[0,0],"1":[0,0]},"meta":{"lastBranch":2,"lastFunction":0,"lastStatement":4,"seen":{"b:12:0:14:Infinity:undefined:undefined:undefined:undefined":0,"s:12:0:14:Infinity":0,"s:13:2:13:Infinity":1,"s:17:6:17:Infinity":2,"b:17:17:17:45:17:45:17:47":1,"s:20:13:20:Infinity":3}}}
,"/Users/ericcai/project/ewill-web/astro-app/lib/db/index.ts": {"path":"/Users/ericcai/project/ewill-web/astro-app/lib/db/index.ts","statementMap":{"0":{"start":{"line":2,"column":0},"end":{"line":2,"column":null}}},"fnMap":{},"branchMap":{},"s":{"0":0},"f":{},"b":{},"meta":{"lastBranch":0,"lastFunction":0,"lastStatement":1,"seen":{"s:2:0:2:Infinity":0}}}
,"/Users/ericcai/project/ewill-web/astro-app/lib/db/schema.ts": {"path":"/Users/ericcai/project/ewill-web/astro-app/lib/db/schema.ts","statementMap":{"0":{"start":{"line":11,"column":13},"end":{"line":32,"column":null}},"1":{"start":{"line":27,"column":13},"end":{"line":31,"column":null}},"2":{"start":{"line":37,"column":13},"end":{"line":51,"column":null}},"3":{"start":{"line":48,"column":13},"end":{"line":50,"column":null}},"4":{"start":{"line":56,"column":13},"end":{"line":74,"column":null}},"5":{"start":{"line":70,"column":13},"end":{"line":73,"column":null}},"6":{"start":{"line":79,"column":13},"end":{"line":106,"column":null}},"7":{"start":{"line":100,"column":13},"end":{"line":105,"column":null}},"8":{"start":{"line":111,"column":13},"end":{"line":127,"column":null}},"9":{"start":{"line":124,"column":13},"end":{"line":126,"column":null}}},"fnMap":{"0":{"name":"(anonymous_0)","decl":{"start":{"line":27,"column":2},"end":{"line":27,"column":3}},"loc":{"start":{"line":27,"column":13},"end":{"line":31,"column":null}},"line":27},"1":{"name":"(anonymous_1)","decl":{"start":{"line":48,"column":2},"end":{"line":48,"column":3}},"loc":{"start":{"line":48,"column":13},"end":{"line":50,"column":null}},"line":48},"2":{"name":"(anonymous_2)","decl":{"start":{"line":70,"column":2},"end":{"line":70,"column":3}},"loc":{"start":{"line":70,"column":13},"end":{"line":73,"column":null}},"line":70},"3":{"name":"(anonymous_3)","decl":{"start":{"line":100,"column":2},"end":{"line":100,"column":3}},"loc":{"start":{"line":100,"column":13},"end":{"line":105,"column":null}},"line":100},"4":{"name":"(anonymous_4)","decl":{"start":{"line":124,"column":2},"end":{"line":124,"column":3}},"loc":{"start":{"line":124,"column":13},"end":{"line":126,"column":null}},"line":124}},"branchMap":{},"s":{"0":0,"1":0,"2":0,"3":0,"4":0,"5":0,"6":0,"7":0,"8":0,"9":0},"f":{"0":0,"1":0,"2":0,"3":0,"4":0},"b":{},"meta":{"lastBranch":0,"lastFunction":5,"lastStatement":10,"seen":{"s:11:13:32:Infinity":0,"f:27:2:27:3":0,"s:27:13:31:Infinity":1,"s:37:13:51:Infinity":2,"f:48:2:48:3":1,"s:48:13:50:Infinity":3,"s:56:13:74:Infinity":4,"f:70:2:70:3":2,"s:70:13:73:Infinity":5,"s:79:13:106:Infinity":6,"f:100:2:100:3":3,"s:100:13:105:Infinity":7,"s:111:13:127:Infinity":8,"f:124:2:124:3":4,"s:124:13:126:Infinity":9}}}
,"/Users/ericcai/project/ewill-web/astro-app/lib/db/seed.ts": {"path":"/Users/ericcai/project/ewill-web/astro-app/lib/db/seed.ts","statementMap":{"0":{"start":{"line":16,"column":21},"end":{"line":16,"column":null}},"1":{"start":{"line":17,"column":19},"end":{"line":19,"column":null}},"2":{"start":{"line":22,"column":2},"end":{"line":22,"column":null}},"3":{"start":{"line":25,"column":23},"end":{"line":25,"column":null}},"4":{"start":{"line":26,"column":26},"end":{"line":26,"column":null}},"5":{"start":{"line":27,"column":19},"end":{"line":27,"column":null}},"6":{"start":{"line":30,"column":24},"end":{"line":32,"column":null}},"7":{"start":{"line":31,"column":31},"end":{"line":31,"column":null}},"8":{"start":{"line":34,"column":17},"end":{"line":34,"column":null}},"9":{"start":{"line":35,"column":2},"end":{"line":72,"column":null}},"10":{"start":{"line":36,"column":21},"end":{"line":36,"column":null}},"11":{"start":{"line":38,"column":4},"end":{"line":71,"column":null}},"12":{"start":{"line":39,"column":22},"end":{"line":39,"column":null}},"13":{"start":{"line":40,"column":36},"end":{"line":40,"column":null}},"14":{"start":{"line":42,"column":6},"end":{"line":65,"column":null}},"15":{"start":{"line":67,"column":6},"end":{"line":67,"column":null}},"16":{"start":{"line":68,"column":6},"end":{"line":68,"column":null}},"17":{"start":{"line":70,"column":6},"end":{"line":70,"column":null}},"18":{"start":{"line":74,"column":2},"end":{"line":74,"column":null}},"19":{"start":{"line":78,"column":2},"end":{"line":78,"column":null}},"20":{"start":{"line":81,"column":23},"end":{"line":81,"column":null}},"21":{"start":{"line":82,"column":26},"end":{"line":82,"column":null}},"22":{"start":{"line":83,"column":34},"end":{"line":83,"column":null}},"23":{"start":{"line":85,"column":17},"end":{"line":85,"column":null}},"24":{"start":{"line":86,"column":2},"end":{"line":108,"column":null}},"25":{"start":{"line":87,"column":4},"end":{"line":107,"column":null}},"26":{"start":{"line":88,"column":6},"end":{"line":102,"column":null}},"27":{"start":{"line":104,"column":6},"end":{"line":104,"column":null}},"28":{"start":{"line":106,"column":6},"end":{"line":106,"column":null}},"29":{"start":{"line":110,"column":2},"end":{"line":110,"column":null}},"30":{"start":{"line":114,"column":2},"end":{"line":114,"column":null}},"31":{"start":{"line":116,"column":2},"end":{"line":123,"column":null}},"32":{"start":{"line":117,"column":4},"end":{"line":117,"column":null}},"33":{"start":{"line":118,"column":4},"end":{"line":118,"column":null}},"34":{"start":{"line":119,"column":4},"end":{"line":119,"column":null}},"35":{"start":{"line":121,"column":4},"end":{"line":121,"column":null}},"36":{"start":{"line":122,"column":4},"end":{"line":122,"column":null}},"37":{"start":{"line":126,"column":0},"end":{"line":126,"column":null}}},"fnMap":{"0":{"name":"seedPages","decl":{"start":{"line":21,"column":15},"end":{"line":21,"column":27}},"loc":{"start":{"line":21,"column":27},"end":{"line":75,"column":null}},"line":21},"1":{"name":"(anonymous_1)","decl":{"start":{"line":31,"column":4},"end":{"line":31,"column":5}},"loc":{"start":{"line":31,"column":31},"end":{"line":31,"column":null}},"line":31},"2":{"name":"seedAssets","decl":{"start":{"line":77,"column":15},"end":{"line":77,"column":28}},"loc":{"start":{"line":77,"column":28},"end":{"line":111,"column":null}},"line":77},"3":{"name":"main","decl":{"start":{"line":113,"column":15},"end":{"line":113,"column":22}},"loc":{"start":{"line":113,"column":22},"end":{"line":124,"column":null}},"line":113}},"branchMap":{"0":{"loc":{"start":{"line":17,"column":19},"end":{"line":19,"column":null}},"type":"cond-expr","locations":[{"start":{"line":18,"column":4},"end":{"line":18,"column":null}},{"start":{"line":19,"column":4},"end":{"line":19,"column":null}}],"line":17},"1":{"loc":{"start":{"line":45,"column":18},"end":{"line":45,"column":null}},"type":"binary-expr","locations":[{"start":{"line":45,"column":18},"end":{"line":45,"column":39}},{"start":{"line":45,"column":39},"end":{"line":45,"column":null}}],"line":45},"2":{"loc":{"start":{"line":48,"column":17},"end":{"line":48,"column":null}},"type":"binary-expr","locations":[{"start":{"line":48,"column":17},"end":{"line":48,"column":37}},{"start":{"line":48,"column":37},"end":{"line":48,"column":null}}],"line":48},"3":{"loc":{"start":{"line":49,"column":16},"end":{"line":49,"column":null}},"type":"binary-expr","locations":[{"start":{"line":49,"column":16},"end":{"line":49,"column":35}},{"start":{"line":49,"column":35},"end":{"line":49,"column":null}}],"line":49},"4":{"loc":{"start":{"line":50,"column":13},"end":{"line":50,"column":null}},"type":"binary-expr","locations":[{"start":{"line":50,"column":13},"end":{"line":50,"column":29}},{"start":{"line":50,"column":29},"end":{"line":50,"column":null}}],"line":50},"5":{"loc":{"start":{"line":56,"column":20},"end":{"line":56,"column":null}},"type":"binary-expr","locations":[{"start":{"line":56,"column":20},"end":{"line":56,"column":41}},{"start":{"line":56,"column":41},"end":{"line":56,"column":null}}],"line":56},"6":{"loc":{"start":{"line":59,"column":19},"end":{"line":59,"column":null}},"type":"binary-expr","locations":[{"start":{"line":59,"column":19},"end":{"line":59,"column":39}},{"start":{"line":59,"column":39},"end":{"line":59,"column":null}}],"line":59},"7":{"loc":{"start":{"line":60,"column":18},"end":{"line":60,"column":null}},"type":"binary-expr","locations":[{"start":{"line":60,"column":18},"end":{"line":60,"column":37}},{"start":{"line":60,"column":37},"end":{"line":60,"column":null}}],"line":60},"8":{"loc":{"start":{"line":61,"column":15},"end":{"line":61,"column":null}},"type":"binary-expr","locations":[{"start":{"line":61,"column":15},"end":{"line":61,"column":31}},{"start":{"line":61,"column":31},"end":{"line":61,"column":null}}],"line":61}},"s":{"0":0,"1":0,"2":0,"3":0,"4":0,"5":0,"6":0,"7":0,"8":0,"9":0,"10":0,"11":0,"12":0,"13":0,"14":0,"15":0,"16":0,"17":0,"18":0,"19":0,"20":0,"21":0,"22":0,"23":0,"24":0,"25":0,"26":0,"27":0,"28":0,"29":0,"30":0,"31":0,"32":0,"33":0,"34":0,"35":0,"36":0,"37":0},"f":{"0":0,"1":0,"2":0,"3":0},"b":{"0":[0,0],"1":[0,0],"2":[0,0],"3":[0,0],"4":[0,0],"5":[0,0],"6":[0,0],"7":[0,0],"8":[0,0]},"meta":{"lastBranch":9,"lastFunction":4,"lastStatement":38,"seen":{"s:16:21:16:Infinity":0,"s:17:19:19:Infinity":1,"b:18:4:18:Infinity:19:4:19:Infinity":0,"f:21:15:21:27":0,"s:22:2:22:Infinity":2,"s:25:23:25:Infinity":3,"s:26:26:26:Infinity":4,"s:27:19:27:Infinity":5,"s:30:24:32:Infinity":6,"f:31:4:31:5":1,"s:31:31:31:Infinity":7,"s:34:17:34:Infinity":8,"s:35:2:72:Infinity":9,"s:36:21:36:Infinity":10,"s:38:4:71:Infinity":11,"s:39:22:39:Infinity":12,"s:40:36:40:Infinity":13,"s:42:6:65:Infinity":14,"b:45:18:45:39:45:39:45:Infinity":1,"b:48:17:48:37:48:37:48:Infinity":2,"b:49:16:49:35:49:35:49:Infinity":3,"b:50:13:50:29:50:29:50:Infinity":4,"b:56:20:56:41:56:41:56:Infinity":5,"b:59:19:59:39:59:39:59:Infinity":6,"b:60:18:60:37:60:37:60:Infinity":7,"b:61:15:61:31:61:31:61:Infinity":8,"s:67:6:67:Infinity":15,"s:68:6:68:Infinity":16,"s:70:6:70:Infinity":17,"s:74:2:74:Infinity":18,"f:77:15:77:28":2,"s:78:2:78:Infinity":19,"s:81:23:81:Infinity":20,"s:82:26:82:Infinity":21,"s:83:34:83:Infinity":22,"s:85:17:85:Infinity":23,"s:86:2:108:Infinity":24,"s:87:4:107:Infinity":25,"s:88:6:102:Infinity":26,"s:104:6:104:Infinity":27,"s:106:6:106:Infinity":28,"s:110:2:110:Infinity":29,"f:113:15:113:22":3,"s:114:2:114:Infinity":30,"s:116:2:123:Infinity":31,"s:117:4:117:Infinity":32,"s:118:4:118:Infinity":33,"s:119:4:119:Infinity":34,"s:121:4:121:Infinity":35,"s:122:4:122:Infinity":36,"s:126:0:126:Infinity":37}}}
,"/Users/ericcai/project/ewill-web/astro-app/lib/email/index.ts": {"path":"/Users/ericcai/project/ewill-web/astro-app/lib/email/index.ts","statementMap":{},"fnMap":{},"branchMap":{},"s":{},"f":{},"b":{},"meta":{"lastBranch":0,"lastFunction":0,"lastStatement":0,"seen":{}}}
,"/Users/ericcai/project/ewill-web/astro-app/lib/email/resend.ts": {"path":"/Users/ericcai/project/ewill-web/astro-app/lib/email/resend.ts","statementMap":{"0":{"start":{"line":13,"column":15},"end":{"line":13,"column":null}},"1":{"start":{"line":16,"column":22},"end":{"line":16,"column":null}},"2":{"start":{"line":17,"column":19},"end":{"line":17,"column":null}},"3":{"start":{"line":26,"column":2},"end":{"line":29,"column":null}},"4":{"start":{"line":27,"column":4},"end":{"line":27,"column":null}},"5":{"start":{"line":28,"column":4},"end":{"line":28,"column":null}},"6":{"start":{"line":31,"column":2},"end":{"line":50,"column":null}},"7":{"start":{"line":32,"column":28},"end":{"line":37,"column":null}},"8":{"start":{"line":39,"column":4},"end":{"line":42,"column":null}},"9":{"start":{"line":40,"column":6},"end":{"line":40,"column":null}},"10":{"start":{"line":41,"column":6},"end":{"line":41,"column":null}},"11":{"start":{"line":44,"column":4},"end":{"line":44,"column":null}},"12":{"start":{"line":45,"column":4},"end":{"line":45,"column":null}},"13":{"start":{"line":47,"column":20},"end":{"line":47,"column":null}},"14":{"start":{"line":48,"column":4},"end":{"line":48,"column":null}},"15":{"start":{"line":49,"column":4},"end":{"line":49,"column":null}},"16":{"start":{"line":59,"column":8},"end":{"line":59,"column":null}},"17":{"start":{"line":60,"column":8},"end":{"line":60,"column":null}},"18":{"start":{"line":61,"column":20},"end":{"line":61,"column":null}},"19":{"start":{"line":62,"column":22},"end":{"line":62,"column":null}},"20":{"start":{"line":63,"column":8},"end":{"line":63,"column":null}},"21":{"start":{"line":64,"column":21},"end":{"line":64,"column":null}},"22":{"start":{"line":66,"column":2},"end":{"line":112,"column":null}}},"fnMap":{"0":{"name":"sendContactNotification","decl":{"start":{"line":22,"column":22},"end":{"line":22,"column":null}},"loc":{"start":{"line":24,"column":49},"end":{"line":51,"column":null}},"line":24},"1":{"name":"generateEmailHtml","decl":{"start":{"line":56,"column":9},"end":{"line":56,"column":null}},"loc":{"start":{"line":58,"column":10},"end":{"line":122,"column":null}},"line":58}},"branchMap":{"0":{"loc":{"start":{"line":16,"column":22},"end":{"line":16,"column":null}},"type":"binary-expr","locations":[{"start":{"line":16,"column":22},"end":{"line":16,"column":51}},{"start":{"line":16,"column":51},"end":{"line":16,"column":null}}],"line":16},"1":{"loc":{"start":{"line":17,"column":19},"end":{"line":17,"column":null}},"type":"binary-expr","locations":[{"start":{"line":17,"column":19},"end":{"line":17,"column":45}},{"start":{"line":17,"column":45},"end":{"line":17,"column":null}}],"line":17},"2":{"loc":{"start":{"line":26,"column":2},"end":{"line":29,"column":null}},"type":"if","locations":[{"start":{"line":26,"column":2},"end":{"line":29,"column":null}},{"start":{},"end":{}}],"line":26},"3":{"loc":{"start":{"line":39,"column":4},"end":{"line":42,"column":null}},"type":"if","locations":[{"start":{"line":39,"column":4},"end":{"line":42,"column":null}},{"start":{},"end":{}}],"line":39},"4":{"loc":{"start":{"line":47,"column":20},"end":{"line":47,"column":null}},"type":"cond-expr","locations":[{"start":{"line":47,"column":43},"end":{"line":47,"column":57}},{"start":{"line":47,"column":57},"end":{"line":47,"column":null}}],"line":47},"5":{"loc":{"start":{"line":61,"column":20},"end":{"line":61,"column":null}},"type":"cond-expr","locations":[{"start":{"line":61,"column":31},"end":{"line":61,"column":70}},{"start":{"line":61,"column":70},"end":{"line":61,"column":null}}],"line":61},"6":{"loc":{"start":{"line":62,"column":22},"end":{"line":62,"column":null}},"type":"cond-expr","locations":[{"start":{"line":62,"column":33},"end":{"line":62,"column":76}},{"start":{"line":62,"column":76},"end":{"line":62,"column":null}}],"line":62},"7":{"loc":{"start":{"line":64,"column":21},"end":{"line":64,"column":null}},"type":"cond-expr","locations":[{"start":{"line":64,"column":32},"end":{"line":64,"column":83}},{"start":{"line":64,"column":83},"end":{"line":64,"column":null}}],"line":64}},"s":{"0":0,"1":0,"2":0,"3":0,"4":0,"5":0,"6":0,"7":0,"8":0,"9":0,"10":0,"11":0,"12":0,"13":0,"14":0,"15":0,"16":0,"17":0,"18":0,"19":0,"20":0,"21":0,"22":0},"f":{"0":0,"1":0},"b":{"0":[0,0],"1":[0,0],"2":[0,0],"3":[0,0],"4":[0,0],"5":[0,0],"6":[0,0],"7":[0,0]},"meta":{"lastBranch":8,"lastFunction":2,"lastStatement":23,"seen":{"s:13:15:13:Infinity":0,"s:16:22:16:Infinity":1,"b:16:22:16:51:16:51:16:Infinity":0,"s:17:19:17:Infinity":2,"b:17:19:17:45:17:45:17:Infinity":1,"f:22:22:22:Infinity":0,"b:26:2:29:Infinity:undefined:undefined:undefined:undefined":2,"s:26:2:29:Infinity":3,"s:27:4:27:Infinity":4,"s:28:4:28:Infinity":5,"s:31:2:50:Infinity":6,"s:32:28:37:Infinity":7,"b:39:4:42:Infinity:undefined:undefined:undefined:undefined":3,"s:39:4:42:Infinity":8,"s:40:6:40:Infinity":9,"s:41:6:41:Infinity":10,"s:44:4:44:Infinity":11,"s:45:4:45:Infinity":12,"s:47:20:47:Infinity":13,"b:47:43:47:57:47:57:47:Infinity":4,"s:48:4:48:Infinity":14,"s:49:4:49:Infinity":15,"f:56:9:56:Infinity":1,"s:59:8:59:Infinity":16,"s:60:8:60:Infinity":17,"s:61:20:61:Infinity":18,"b:61:31:61:70:61:70:61:Infinity":5,"s:62:22:62:Infinity":19,"b:62:33:62:76:62:76:62:Infinity":6,"s:63:8:63:Infinity":20,"s:64:21:64:Infinity":21,"b:64:32:64:83:64:83:64:Infinity":7,"s:66:2:112:Infinity":22}}}
,"/Users/ericcai/project/ewill-web/astro-app/lib/openapi/generate.ts": {"path":"/Users/ericcai/project/ewill-web/astro-app/lib/openapi/generate.ts","statementMap":{"0":{"start":{"line":11,"column":6},"end":{"line":11,"column":null}},"1":{"start":{"line":12,"column":18},"end":{"line":12,"column":null}},"2":{"start":{"line":13,"column":20},"end":{"line":13,"column":null}},"3":{"start":{"line":16,"column":2},"end":{"line":16,"column":null}},"4":{"start":{"line":18,"column":2},"end":{"line":41,"column":null}},"5":{"start":{"line":20,"column":10},"end":{"line":20,"column":null}},"6":{"start":{"line":23,"column":22},"end":{"line":23,"column":null}},"7":{"start":{"line":24,"column":4},"end":{"line":26,"column":null}},"8":{"start":{"line":25,"column":6},"end":{"line":25,"column":null}},"9":{"start":{"line":29,"column":4},"end":{"line":29,"column":null}},"10":{"start":{"line":31,"column":4},"end":{"line":31,"column":null}},"11":{"start":{"line":32,"column":4},"end":{"line":32,"column":null}},"12":{"start":{"line":33,"column":4},"end":{"line":33,"column":null}},"13":{"start":{"line":34,"column":4},"end":{"line":34,"column":null}},"14":{"start":{"line":35,"column":4},"end":{"line":35,"column":null}},"15":{"start":{"line":36,"column":4},"end":{"line":36,"column":null}},"16":{"start":{"line":37,"column":4},"end":{"line":37,"column":null}},"17":{"start":{"line":39,"column":4},"end":{"line":39,"column":null}},"18":{"start":{"line":40,"column":4},"end":{"line":40,"column":null}},"19":{"start":{"line":44,"column":0},"end":{"line":44,"column":null}}},"fnMap":{"0":{"name":"main","decl":{"start":{"line":15,"column":15},"end":{"line":15,"column":22}},"loc":{"start":{"line":15,"column":22},"end":{"line":42,"column":null}},"line":15}},"branchMap":{"0":{"loc":{"start":{"line":24,"column":4},"end":{"line":26,"column":null}},"type":"if","locations":[{"start":{"line":24,"column":4},"end":{"line":26,"column":null}},{"start":{},"end":{}}],"line":24},"1":{"loc":{"start":{"line":34,"column":43},"end":{"line":34,"column":63}},"type":"binary-expr","locations":[{"start":{"line":34,"column":43},"end":{"line":34,"column":61}},{"start":{"line":34,"column":61},"end":{"line":34,"column":63}}],"line":34},"2":{"loc":{"start":{"line":35,"column":45},"end":{"line":35,"column":79}},"type":"binary-expr","locations":[{"start":{"line":35,"column":45},"end":{"line":35,"column":77}},{"start":{"line":35,"column":77},"end":{"line":35,"column":79}}],"line":35}},"s":{"0":0,"1":0,"2":0,"3":0,"4":0,"5":0,"6":0,"7":0,"8":0,"9":0,"10":0,"11":0,"12":0,"13":0,"14":0,"15":0,"16":0,"17":0,"18":0,"19":0},"f":{"0":0},"b":{"0":[0,0],"1":[0,0],"2":[0,0]},"meta":{"lastBranch":3,"lastFunction":1,"lastStatement":20,"seen":{"s:11:6:11:Infinity":0,"s:12:18:12:Infinity":1,"s:13:20:13:Infinity":2,"f:15:15:15:22":0,"s:16:2:16:Infinity":3,"s:18:2:41:Infinity":4,"s:20:10:20:Infinity":5,"s:23:22:23:Infinity":6,"b:24:4:26:Infinity:undefined:undefined:undefined:undefined":0,"s:24:4:26:Infinity":7,"s:25:6:25:Infinity":8,"s:29:4:29:Infinity":9,"s:31:4:31:Infinity":10,"s:32:4:32:Infinity":11,"s:33:4:33:Infinity":12,"s:34:4:34:Infinity":13,"b:34:43:34:61:34:61:34:63":1,"s:35:4:35:Infinity":14,"b:35:45:35:77:35:77:35:79":2,"s:36:4:36:Infinity":15,"s:37:4:37:Infinity":16,"s:39:4:39:Infinity":17,"s:40:4:40:Infinity":18,"s:44:0:44:Infinity":19}}}
,"/Users/ericcai/project/ewill-web/astro-app/lib/openapi/index.ts": {"path":"/Users/ericcai/project/ewill-web/astro-app/lib/openapi/index.ts","statementMap":{"0":{"start":{"line":30,"column":24},"end":{"line":30,"column":null}},"1":{"start":{"line":33,"column":0},"end":{"line":33,"column":null}},"2":{"start":{"line":34,"column":0},"end":{"line":34,"column":null}},"3":{"start":{"line":35,"column":0},"end":{"line":35,"column":null}},"4":{"start":{"line":36,"column":0},"end":{"line":36,"column":null}},"5":{"start":{"line":37,"column":0},"end":{"line":37,"column":null}},"6":{"start":{"line":38,"column":0},"end":{"line":38,"column":null}},"7":{"start":{"line":39,"column":0},"end":{"line":39,"column":null}},"8":{"start":{"line":40,"column":0},"end":{"line":40,"column":null}},"9":{"start":{"line":41,"column":0},"end":{"line":41,"column":null}},"10":{"start":{"line":42,"column":0},"end":{"line":42,"column":null}},"11":{"start":{"line":43,"column":0},"end":{"line":43,"column":null}},"12":{"start":{"line":44,"column":0},"end":{"line":44,"column":null}},"13":{"start":{"line":45,"column":0},"end":{"line":45,"column":null}},"14":{"start":{"line":52,"column":0},"end":{"line":76,"column":null}},"15":{"start":{"line":79,"column":0},"end":{"line":116,"column":null}},"16":{"start":{"line":119,"column":0},"end":{"line":148,"column":null}},"17":{"start":{"line":151,"column":0},"end":{"line":192,"column":null}},"18":{"start":{"line":195,"column":0},"end":{"line":221,"column":null}},"19":{"start":{"line":224,"column":0},"end":{"line":253,"column":null}},"20":{"start":{"line":256,"column":0},"end":{"line":285,"column":null}},"21":{"start":{"line":288,"column":0},"end":{"line":304,"column":null}},"22":{"start":{"line":307,"column":0},"end":{"line":323,"column":null}},"23":{"start":{"line":330,"column":20},"end":{"line":330,"column":null}},"24":{"start":{"line":332,"column":2},"end":{"line":413,"column":null}}},"fnMap":{"0":{"name":"generateOpenApiDocument","decl":{"start":{"line":329,"column":16},"end":{"line":329,"column":42}},"loc":{"start":{"line":329,"column":42},"end":{"line":414,"column":null}},"line":329}},"branchMap":{},"s":{"0":0,"1":0,"2":0,"3":0,"4":0,"5":0,"6":0,"7":0,"8":0,"9":0,"10":0,"11":0,"12":0,"13":0,"14":0,"15":0,"16":0,"17":0,"18":0,"19":0,"20":0,"21":0,"22":0,"23":0,"24":0},"f":{"0":0},"b":{},"meta":{"lastBranch":0,"lastFunction":1,"lastStatement":25,"seen":{"s:30:24:30:Infinity":0,"s:33:0:33:Infinity":1,"s:34:0:34:Infinity":2,"s:35:0:35:Infinity":3,"s:36:0:36:Infinity":4,"s:37:0:37:Infinity":5,"s:38:0:38:Infinity":6,"s:39:0:39:Infinity":7,"s:40:0:40:Infinity":8,"s:41:0:41:Infinity":9,"s:42:0:42:Infinity":10,"s:43:0:43:Infinity":11,"s:44:0:44:Infinity":12,"s:45:0:45:Infinity":13,"s:52:0:76:Infinity":14,"s:79:0:116:Infinity":15,"s:119:0:148:Infinity":16,"s:151:0:192:Infinity":17,"s:195:0:221:Infinity":18,"s:224:0:253:Infinity":19,"s:256:0:285:Infinity":20,"s:288:0:304:Infinity":21,"s:307:0:323:Infinity":22,"f:329:16:329:42":0,"s:330:20:330:Infinity":23,"s:332:2:413:Infinity":24}}}
,"/Users/ericcai/project/ewill-web/astro-app/lib/openapi/schemas.ts": {"path":"/Users/ericcai/project/ewill-web/astro-app/lib/openapi/schemas.ts","statementMap":{"0":{"start":{"line":10,"column":0},"end":{"line":10,"column":null}},"1":{"start":{"line":16,"column":26},"end":{"line":28,"column":null}},"2":{"start":{"line":30,"column":27},"end":{"line":42,"column":null}},"3":{"start":{"line":44,"column":33},"end":{"line":54,"column":null}},"4":{"start":{"line":45,"column":2},"end":{"line":54,"column":null}},"5":{"start":{"line":60,"column":25},"end":{"line":76,"column":null}},"6":{"start":{"line":78,"column":32},"end":{"line":86,"column":null}},"7":{"start":{"line":88,"column":33},"end":{"line":116,"column":null}},"8":{"start":{"line":118,"column":30},"end":{"line":125,"column":null}},"9":{"start":{"line":127,"column":30},"end":{"line":133,"column":null}},"10":{"start":{"line":139,"column":38},"end":{"line":164,"column":null}},"11":{"start":{"line":166,"column":47},"end":{"line":179,"column":null}},"12":{"start":{"line":185,"column":35},"end":{"line":191,"column":null}},"13":{"start":{"line":193,"column":33},"end":{"line":197,"column":null}},"14":{"start":{"line":199,"column":35},"end":{"line":207,"column":null}},"15":{"start":{"line":209,"column":39},"end":{"line":215,"column":null}},"16":{"start":{"line":221,"column":35},"end":{"line":224,"column":null}},"17":{"start":{"line":226,"column":32},"end":{"line":232,"column":null}},"18":{"start":{"line":234,"column":35},"end":{"line":238,"column":null}},"19":{"start":{"line":244,"column":41},"end":{"line":248,"column":null}},"20":{"start":{"line":250,"column":37},"end":{"line":253,"column":null}}},"fnMap":{"0":{"name":"(anonymous_0)","decl":{"start":{"line":44,"column":33},"end":{"line":44,"column":58}},"loc":{"start":{"line":45,"column":2},"end":{"line":54,"column":null}},"line":45}},"branchMap":{},"s":{"0":0,"1":0,"2":0,"3":0,"4":0,"5":0,"6":0,"7":0,"8":0,"9":0,"10":0,"11":0,"12":0,"13":0,"14":0,"15":0,"16":0,"17":0,"18":0,"19":0,"20":0},"f":{"0":0},"b":{},"meta":{"lastBranch":0,"lastFunction":1,"lastStatement":21,"seen":{"s:10:0:10:Infinity":0,"s:16:26:28:Infinity":1,"s:30:27:42:Infinity":2,"s:44:33:54:Infinity":3,"f:44:33:44:58":0,"s:45:2:54:Infinity":4,"s:60:25:76:Infinity":5,"s:78:32:86:Infinity":6,"s:88:33:116:Infinity":7,"s:118:30:125:Infinity":8,"s:127:30:133:Infinity":9,"s:139:38:164:Infinity":10,"s:166:47:179:Infinity":11,"s:185:35:191:Infinity":12,"s:193:33:197:Infinity":13,"s:199:35:207:Infinity":14,"s:209:39:215:Infinity":15,"s:221:35:224:Infinity":16,"s:226:32:232:Infinity":17,"s:234:35:238:Infinity":18,"s:244:41:248:Infinity":19,"s:250:37:253:Infinity":20}}}
,"/Users/ericcai/project/ewill-web/astro-app/lib/utils/index.ts": {"path":"/Users/ericcai/project/ewill-web/astro-app/lib/utils/index.ts","statementMap":{"0":{"start":{"line":1,"column":0},"end":{"line":1,"column":null}},"1":{"start":{"line":2,"column":0},"end":{"line":2,"column":null}}},"fnMap":{},"branchMap":{},"s":{"0":0,"1":0},"f":{},"b":{},"meta":{"lastBranch":0,"lastFunction":0,"lastStatement":2,"seen":{"s:1:0:1:Infinity":0,"s:2:0:2:Infinity":1}}}
,"/Users/ericcai/project/ewill-web/astro-app/lib/utils/response.ts": {"path":"/Users/ericcai/project/ewill-web/astro-app/lib/utils/response.ts","statementMap":{"0":{"start":{"line":6,"column":20},"end":{"line":6,"column":null}},"1":{"start":{"line":12,"column":2},"end":{"line":20,"column":null}},"2":{"start":{"line":31,"column":2},"end":{"line":43,"column":null}},"3":{"start":{"line":49,"column":26},"end":{"line":55,"column":null}}},"fnMap":{"0":{"name":"successResponse","decl":{"start":{"line":11,"column":16},"end":{"line":11,"column":35}},"loc":{"start":{"line":11,"column":76},"end":{"line":21,"column":null}},"line":11},"1":{"name":"errorResponse","decl":{"start":{"line":26,"column":16},"end":{"line":26,"column":null}},"loc":{"start":{"line":30,"column":21},"end":{"line":44,"column":null}},"line":30}},"branchMap":{"0":{"loc":{"start":{"line":11,"column":44},"end":{"line":11,"column":76}},"type":"default-arg","locations":[{"start":{"line":11,"column":53},"end":{"line":11,"column":76}}],"line":11},"1":{"loc":{"start":{"line":37,"column":10},"end":{"line":37,"column":null}},"type":"binary-expr","locations":[{"start":{"line":37,"column":10},"end":{"line":37,"column":21}},{"start":{"line":37,"column":21},"end":{"line":37,"column":null}}],"line":37}},"s":{"0":1,"1":5,"2":4,"3":1},"f":{"0":5,"1":4},"b":{"0":[5],"1":[4,1]},"meta":{"lastBranch":2,"lastFunction":2,"lastStatement":4,"seen":{"s:6:20:6:Infinity":0,"f:11:16:11:35":0,"b:11:53:11:76":0,"s:12:2:20:Infinity":1,"f:26:16:26:Infinity":1,"s:31:2:43:Infinity":2,"b:37:10:37:21:37:21:37:Infinity":1,"s:49:26:55:Infinity":3}}}
,"/Users/ericcai/project/ewill-web/astro-app/lib/utils/validate.ts": {"path":"/Users/ericcai/project/ewill-web/astro-app/lib/utils/validate.ts","statementMap":{"0":{"start":{"line":9,"column":33},"end":{"line":33,"column":null}},"1":{"start":{"line":40,"column":26},"end":{"line":44,"column":null}},"2":{"start":{"line":49,"column":30},"end":{"line":55,"column":null}},"3":{"start":{"line":73,"column":17},"end":{"line":73,"column":null}},"4":{"start":{"line":74,"column":2},"end":{"line":76,"column":null}},"5":{"start":{"line":75,"column":4},"end":{"line":75,"column":null}},"6":{"start":{"line":77,"column":2},"end":{"line":77,"column":null}},"7":{"start":{"line":84,"column":38},"end":{"line":90,"column":null}},"8":{"start":{"line":91,"column":2},"end":{"line":91,"column":null}},"9":{"start":{"line":91,"column":44},"end":{"line":91,"column":61}},"10":{"start":{"line":98,"column":2},"end":{"line":98,"column":null}}},"fnMap":{"0":{"name":"validate","decl":{"start":{"line":69,"column":16},"end":{"line":69,"column":null}},"loc":{"start":{"line":72,"column":23},"end":{"line":78,"column":null}},"line":72},"1":{"name":"escapeHtml","decl":{"start":{"line":83,"column":16},"end":{"line":83,"column":27}},"loc":{"start":{"line":83,"column":49},"end":{"line":92,"column":null}},"line":83},"2":{"name":"(anonymous_2)","decl":{"start":{"line":91,"column":34},"end":{"line":91,"column":35}},"loc":{"start":{"line":91,"column":44},"end":{"line":91,"column":61}},"line":91},"3":{"name":"sanitizeInput","decl":{"start":{"line":97,"column":16},"end":{"line":97,"column":30}},"loc":{"start":{"line":97,"column":53},"end":{"line":99,"column":null}},"line":97}},"branchMap":{"0":{"loc":{"start":{"line":74,"column":2},"end":{"line":76,"column":null}},"type":"if","locations":[{"start":{"line":74,"column":2},"end":{"line":76,"column":null}},{"start":{},"end":{}}],"line":74},"1":{"loc":{"start":{"line":91,"column":44},"end":{"line":91,"column":61}},"type":"binary-expr","locations":[{"start":{"line":91,"column":44},"end":{"line":91,"column":57}},{"start":{"line":91,"column":57},"end":{"line":91,"column":61}}],"line":91}},"s":{"0":1,"1":1,"2":1,"3":2,"4":2,"5":1,"6":1,"7":11,"8":11,"9":19,"10":3},"f":{"0":2,"1":11,"2":19,"3":3},"b":{"0":[1,1],"1":[19,0]},"meta":{"lastBranch":2,"lastFunction":4,"lastStatement":11,"seen":{"s:9:33:33:Infinity":0,"s:40:26:44:Infinity":1,"s:49:30:55:Infinity":2,"f:69:16:69:Infinity":0,"s:73:17:73:Infinity":3,"b:74:2:76:Infinity:undefined:undefined:undefined:undefined":0,"s:74:2:76:Infinity":4,"s:75:4:75:Infinity":5,"s:77:2:77:Infinity":6,"f:83:16:83:27":1,"s:84:38:90:Infinity":7,"s:91:2:91:Infinity":8,"f:91:34:91:35":2,"s:91:44:91:61":9,"b:91:44:91:57:91:57:91:61":1,"f:97:16:97:30":3,"s:98:2:98:Infinity":10}}}
}
